# JRE version: OpenJDK Runtime Environment (8.0_202) (build 1.8.0_202-release-1483-b49-5587405)
# Java VM: OpenJDK 64-Bit Server VM (25.202-b49-5587405 mixed mode linux-amd64 compressed oops)
Heap:
 PSYoungGen      total 101888K, used 17388K [0x00000000e0000000, 0x00000000e7f00000, 0x0000000100000000)
  eden space 84480K, 0% used [0x00000000e0000000,0x00000000e0000000,0x00000000e5280000)
  from space 17408K, 99% used [0x00000000e5280000,0x00000000e637b340,0x00000000e6380000)
  to   space 5120K, 0% used [0x00000000e6380000,0x00000000e6380000,0x00000000e6880000)
 ParOldGen       total 101376K, used 20749K [0x00000000a0000000, 0x00000000a6300000, 0x00000000e0000000)
  object space 101376K, 20% used [0x00000000a0000000,0x00000000a1443780,0x00000000a6300000)
 Metaspace       used 39674K, capacity 40364K, committed 40704K, reserved 1085440K
  class space    used 4939K, capacity 5107K, committed 5120K, reserved 1048576K
GC Heap History (10 events):
Event: 6,714 GC heap after
Heap after GC invocations=5 (full 1):
 PSYoungGen      total 68608K, used 3983K [0x00000000e0000000, 0x00000000e4800000, 0x0000000100000000)
  eden space 63488K, 0% used [0x00000000e0000000,0x00000000e0000000,0x00000000e3e00000)
  from space 5120K, 77% used [0x00000000e4300000,0x00000000e46e3c00,0x00000000e4800000)
  to   space 5120K, 0% used [0x00000000e3e00000,0x00000000e3e00000,0x00000000e4300000)
 ParOldGen       total 84992K, used 8825K [0x00000000a0000000, 0x00000000a5300000, 0x00000000e0000000)
  object space 84992K, 10% used [0x00000000a0000000,0x00000000a089e5f0,0x00000000a5300000)
 Metaspace       used 20731K, capacity 21040K, committed 21296K, reserved 1069056K
  class space    used 2496K, capacity 2593K, committed 2688K, reserved 1048576K
}
Event: 6,714 GC heap before
{Heap before GC invocations=6 (full 2):
 PSYoungGen      total 68608K, used 3983K [0x00000000e0000000, 0x00000000e4800000, 0x0000000100000000)
  eden space 63488K, 0% used [0x00000000e0000000,0x00000000e0000000,0x00000000e3e00000)
  from space 5120K, 77% used [0x00000000e4300000,0x00000000e46e3c00,0x00000000e4800000)
  to   space 5120K, 0% used [0x00000000e3e00000,0x00000000e3e00000,0x00000000e4300000)
 ParOldGen       total 84992K, used 8825K [0x00000000a0000000, 0x00000000a5300000, 0x00000000e0000000)
  object space 84992K, 10% used [0x00000000a0000000,0x00000000a089e5f0,0x00000000a5300000)
 Metaspace       used 20731K, capacity 21040K, committed 21296K, reserved 1069056K
  class space    used 2496K, capacity 2593K, committed 2688K, reserved 1048576K
Event: 6,781 GC heap after
Heap after GC invocations=6 (full 2):
 PSYoungGen      total 68608K, used 0K [0x00000000e0000000, 0x00000000e4800000, 0x0000000100000000)
  eden space 63488K, 0% used [0x00000000e0000000,0x00000000e0000000,0x00000000e3e00000)
  from space 5120K, 0% used [0x00000000e4300000,0x00000000e4300000,0x00000000e4800000)
  to   space 5120K, 0% used [0x00000000e3e00000,0x00000000e3e00000,0x00000000e4300000)
 ParOldGen       total 56320K, used 5436K [0x00000000a0000000, 0x00000000a3700000, 0x00000000e0000000)
  object space 56320K, 9% used [0x00000000a0000000,0x00000000a054f110,0x00000000a3700000)
 Metaspace       used 20731K, capacity 21040K, committed 21296K, reserved 1069056K
  class space    used 2496K, capacity 2593K, committed 2688K, reserved 1048576K
}
Event: 11,248 GC heap before
{Heap before GC invocations=7 (full 2):
 PSYoungGen      total 68608K, used 63488K [0x00000000e0000000, 0x00000000e4800000, 0x0000000100000000)
  eden space 63488K, 100% used [0x00000000e0000000,0x00000000e3e00000,0x00000000e3e00000)
  from space 5120K, 0% used [0x00000000e4300000,0x00000000e4300000,0x00000000e4800000)
  to   space 5120K, 0% used [0x00000000e3e00000,0x00000000e3e00000,0x00000000e4300000)
 ParOldGen       total 56320K, used 5436K [0x00000000a0000000, 0x00000000a3700000, 0x00000000e0000000)
  object space 56320K, 9% used [0x00000000a0000000,0x00000000a054f110,0x00000000a3700000)
 Metaspace       used 29808K, capacity 30238K, committed 30592K, reserved 1075200K
  class space    used 3755K, capacity 3896K, committed 3968K, reserved 1048576K
Event: 11,284 GC heap after
Heap after GC invocations=7 (full 2):
 PSYoungGen      total 68608K, used 5105K [0x00000000e0000000, 0x00000000e6880000, 0x0000000100000000)
  eden space 63488K, 0% used [0x00000000e0000000,0x00000000e0000000,0x00000000e3e00000)
  from space 5120K, 99% used [0x00000000e3e00000,0x00000000e42fc518,0x00000000e4300000)
  to   space 5120K, 0% used [0x00000000e6380000,0x00000000e6380000,0x00000000e6880000)
 ParOldGen       total 56320K, used 15757K [0x00000000a0000000, 0x00000000a3700000, 0x00000000e0000000)
  object space 56320K, 27% used [0x00000000a0000000,0x00000000a0f636e8,0x00000000a3700000)
 Metaspace       used 29808K, capacity 30238K, committed 30592K, reserved 1075200K
  class space    used 3755K, capacity 3896K, committed 3968K, reserved 1048576K
}
Event: 14,286 GC heap before
{Heap before GC invocations=8 (full 2):
 PSYoungGen      total 68608K, used 32533K [0x00000000e0000000, 0x00000000e6880000, 0x0000000100000000)
  eden space 63488K, 43% used [0x00000000e0000000,0x00000000e1ac91d8,0x00000000e3e00000)
  from space 5120K, 99% used [0x00000000e3e00000,0x00000000e42fc518,0x00000000e4300000)
  to   space 5120K, 0% used [0x00000000e6380000,0x00000000e6380000,0x00000000e6880000)
 ParOldGen       total 56320K, used 15757K [0x00000000a0000000, 0x00000000a3700000, 0x00000000e0000000)
  object space 56320K, 27% used [0x00000000a0000000,0x00000000a0f636e8,0x00000000a3700000)
 Metaspace       used 34662K, capacity 35150K, committed 35496K, reserved 1081344K
  class space    used 4373K, capacity 4496K, committed 4608K, reserved 1048576K
Event: 14,341 GC heap after
Heap after GC invocations=8 (full 2):
 PSYoungGen      total 89600K, used 5117K [0x00000000e0000000, 0x00000000e7f00000, 0x0000000100000000)
  eden space 84480K, 0% used [0x00000000e0000000,0x00000000e0000000,0x00000000e5280000)
  from space 5120K, 99% used [0x00000000e6380000,0x00000000e687f508,0x00000000e6880000)
  to   space 17408K, 0% used [0x00000000e5280000,0x00000000e5280000,0x00000000e6380000)
 ParOldGen       total 56320K, used 22393K [0x00000000a0000000, 0x00000000a3700000, 0x00000000e0000000)
  object space 56320K, 39% used [0x00000000a0000000,0x00000000a15de488,0x00000000a3700000)
 Metaspace       used 34662K, capacity 35150K, committed 35496K, reserved 1081344K
  class space    used 4373K, capacity 4496K, committed 4608K, reserved 1048576K
}
Event: 14,343 GC heap before
{Heap before GC invocations=9 (full 3):
 PSYoungGen      total 89600K, used 5117K [0x00000000e0000000, 0x00000000e7f00000, 0x0000000100000000)
  eden space 84480K, 0% used [0x00000000e0000000,0x00000000e0000000,0x00000000e5280000)
  from space 5120K, 99% used [0x00000000e6380000,0x00000000e687f508,0x00000000e6880000)
  to   space 17408K, 0% used [0x00000000e5280000,0x00000000e5280000,0x00000000e6380000)
 ParOldGen       total 56320K, used 22393K [0x00000000a0000000, 0x00000000a3700000, 0x00000000e0000000)
  object space 56320K, 39% used [0x00000000a0000000,0x00000000a15de488,0x00000000a3700000)
 Metaspace       used 34662K, capacity 35150K, committed 35496K, reserved 1081344K
  class space    used 4373K, capacity 4496K, committed 4608K, reserved 1048576K
Event: 14,572 GC heap after
Heap after GC invocations=9 (full 3):
 PSYoungGen      total 89600K, used 0K [0x00000000e0000000, 0x00000000e7f00000, 0x0000000100000000)
  eden space 84480K, 0% used [0x00000000e0000000,0x00000000e0000000,0x00000000e5280000)
  from space 5120K, 0% used [0x00000000e6380000,0x00000000e6380000,0x00000000e6880000)
  to   space 17408K, 0% used [0x00000000e5280000,0x00000000e5280000,0x00000000e6380000)
 ParOldGen       total 101376K, used 17219K [0x00000000a0000000, 0x00000000a6300000, 0x00000000e0000000)
  object space 101376K, 16% used [0x00000000a0000000,0x00000000a10d0c20,0x00000000a6300000)
 Metaspace       used 34662K, capacity 35150K, committed 35496K, reserved 1081344K
  class space    used 4373K, capacity 4496K, committed 4608K, reserved 1048576K
}
Event: 142,826 GC heap before
{Heap before GC invocations=10 (full 3):
 PSYoungGen      total 89600K, used 84480K [0x00000000e0000000, 0x00000000e7f00000, 0x0000000100000000)
  eden space 84480K, 100% used [0x00000000e0000000,0x00000000e5280000,0x00000000e5280000)
  from space 5120K, 0% used [0x00000000e6380000,0x00000000e6380000,0x00000000e6880000)
  to   space 17408K, 0% used [0x00000000e5280000,0x00000000e5280000,0x00000000e6380000)
 ParOldGen       total 101376K, used 17219K [0x00000000a0000000, 0x00000000a6300000, 0x00000000e0000000)
  object space 101376K, 16% used [0x00000000a0000000,0x00000000a10d0c20,0x00000000a6300000)
 Metaspace       used 39674K, capacity 40364K, committed 40704K, reserved 1085440K
  class space    used 4939K, capacity 5107K, committed 5120K, reserved 1048576K

