# JRE version: OpenJDK Runtime Environment (8.0_202) (build 1.8.0_202-release-1483-b49-5587405)
# Java VM: OpenJDK 64-Bit Server VM (25.202-b49-5587405 mixed mode linux-amd64 compressed oops)
Heap:
 PSYoungGen      total 98816K, used 17401K [0x00000000e0000000, 0x00000000e7680000, 0x0000000100000000)
  eden space 81408K, 0% used [0x00000000e0000000,0x00000000e0000000,0x00000000e4f80000)
  from space 17408K, 99% used [0x00000000e5480000,0x00000000e657e728,0x00000000e6580000)
  to   space 14848K, 0% used [0x00000000e6800000,0x00000000e6800000,0x00000000e7680000)
 ParOldGen       total 72704K, used 28864K [0x00000000a0000000, 0x00000000a4700000, 0x00000000e0000000)
  object space 72704K, 39% used [0x00000000a0000000,0x00000000a1c30120,0x00000000a4700000)
 Metaspace       used 47677K, capacity 48395K, committed 48936K, reserved 1091584K
  class space    used 5923K, capacity 6090K, committed 6192K, reserved 1048576K
GC Heap History (10 events):
Event: 8,622 GC heap after
Heap after GC invocations=7 (full 2):
 PSYoungGen      total 36864K, used 5113K [0x00000000e0000000, 0x00000000e4400000, 0x0000000100000000)
  eden space 31744K, 0% used [0x00000000e0000000,0x00000000e0000000,0x00000000e1f00000)
  from space 5120K, 99% used [0x00000000e1f00000,0x00000000e23fe6f8,0x00000000e2400000)
  to   space 5120K, 0% used [0x00000000e3f00000,0x00000000e3f00000,0x00000000e4400000)
 ParOldGen       total 46080K, used 7675K [0x00000000a0000000, 0x00000000a2d00000, 0x00000000e0000000)
  object space 46080K, 16% used [0x00000000a0000000,0x00000000a077ee78,0x00000000a2d00000)
 Metaspace       used 25014K, capacity 25504K, committed 25648K, reserved 1071104K
  class space    used 3198K, capacity 3347K, committed 3376K, reserved 1048576K
}
Event: 10,403 GC heap before
{Heap before GC invocations=8 (full 2):
 PSYoungGen      total 36864K, used 36857K [0x00000000e0000000, 0x00000000e4400000, 0x0000000100000000)
  eden space 31744K, 100% used [0x00000000e0000000,0x00000000e1f00000,0x00000000e1f00000)
  from space 5120K, 99% used [0x00000000e1f00000,0x00000000e23fe6f8,0x00000000e2400000)
  to   space 5120K, 0% used [0x00000000e3f00000,0x00000000e3f00000,0x00000000e4400000)
 ParOldGen       total 46080K, used 7675K [0x00000000a0000000, 0x00000000a2d00000, 0x00000000e0000000)
  object space 46080K, 16% used [0x00000000a0000000,0x00000000a077ee78,0x00000000a2d00000)
 Metaspace       used 30393K, capacity 30814K, committed 31280K, reserved 1077248K
  class space    used 3877K, capacity 4024K, committed 4144K, reserved 1048576K
Event: 10,441 GC heap after
Heap after GC invocations=8 (full 2):
 PSYoungGen      total 55808K, used 5105K [0x00000000e0000000, 0x00000000e5400000, 0x0000000100000000)
  eden space 50688K, 0% used [0x00000000e0000000,0x00000000e0000000,0x00000000e3180000)
  from space 5120K, 99% used [0x00000000e3f00000,0x00000000e43fc518,0x00000000e4400000)
  to   space 13824K, 0% used [0x00000000e3180000,0x00000000e3180000,0x00000000e3f00000)
 ParOldGen       total 46080K, used 14869K [0x00000000a0000000, 0x00000000a2d00000, 0x00000000e0000000)
  object space 46080K, 32% used [0x00000000a0000000,0x00000000a0e85708,0x00000000a2d00000)
 Metaspace       used 30393K, capacity 30814K, committed 31280K, reserved 1077248K
  class space    used 3877K, capacity 4024K, committed 4144K, reserved 1048576K
}
Event: 12,190 GC heap before
{Heap before GC invocations=9 (full 2):
 PSYoungGen      total 55808K, used 30395K [0x00000000e0000000, 0x00000000e5400000, 0x0000000100000000)
  eden space 50688K, 49% used [0x00000000e0000000,0x00000000e18b2ad8,0x00000000e3180000)
  from space 5120K, 99% used [0x00000000e3f00000,0x00000000e43fc518,0x00000000e4400000)
  to   space 13824K, 0% used [0x00000000e3180000,0x00000000e3180000,0x00000000e3f00000)
 ParOldGen       total 46080K, used 14869K [0x00000000a0000000, 0x00000000a2d00000, 0x00000000e0000000)
  object space 46080K, 32% used [0x00000000a0000000,0x00000000a0e85708,0x00000000a2d00000)
 Metaspace       used 34755K, capacity 35242K, committed 35496K, reserved 1081344K
  class space    used 4389K, capacity 4528K, committed 4528K, reserved 1048576K
Event: 12,226 GC heap after
Heap after GC invocations=9 (full 2):
 PSYoungGen      total 64512K, used 11231K [0x00000000e0000000, 0x00000000e7680000, 0x0000000100000000)
  eden space 50688K, 0% used [0x00000000e0000000,0x00000000e0000000,0x00000000e3180000)
  from space 13824K, 81% used [0x00000000e3180000,0x00000000e3c77eb0,0x00000000e3f00000)
  to   space 14848K, 0% used [0x00000000e6800000,0x00000000e6800000,0x00000000e7680000)
 ParOldGen       total 46080K, used 14929K [0x00000000a0000000, 0x00000000a2d00000, 0x00000000e0000000)
  object space 46080K, 32% used [0x00000000a0000000,0x00000000a0e945d0,0x00000000a2d00000)
 Metaspace       used 34755K, capacity 35242K, committed 35496K, reserved 1081344K
  class space    used 4389K, capacity 4528K, committed 4528K, reserved 1048576K
}
Event: 12,226 GC heap before
{Heap before GC invocations=10 (full 3):
 PSYoungGen      total 64512K, used 11231K [0x00000000e0000000, 0x00000000e7680000, 0x0000000100000000)
  eden space 50688K, 0% used [0x00000000e0000000,0x00000000e0000000,0x00000000e3180000)
  from space 13824K, 81% used [0x00000000e3180000,0x00000000e3c77eb0,0x00000000e3f00000)
  to   space 14848K, 0% used [0x00000000e6800000,0x00000000e6800000,0x00000000e7680000)
 ParOldGen       total 46080K, used 14929K [0x00000000a0000000, 0x00000000a2d00000, 0x00000000e0000000)
  object space 46080K, 32% used [0x00000000a0000000,0x00000000a0e945d0,0x00000000a2d00000)
 Metaspace       used 34755K, capacity 35242K, committed 35496K, reserved 1081344K
  class space    used 4389K, capacity 4528K, committed 4528K, reserved 1048576K
Event: 12,485 GC heap after
Heap after GC invocations=10 (full 3):
 PSYoungGen      total 64512K, used 0K [0x00000000e0000000, 0x00000000e7680000, 0x0000000100000000)
  eden space 50688K, 0% used [0x00000000e0000000,0x00000000e0000000,0x00000000e3180000)
  from space 13824K, 0% used [0x00000000e3180000,0x00000000e3180000,0x00000000e3f00000)
  to   space 14848K, 0% used [0x00000000e6800000,0x00000000e6800000,0x00000000e7680000)
 ParOldGen       total 72704K, used 17055K [0x00000000a0000000, 0x00000000a4700000, 0x00000000e0000000)
  object space 72704K, 23% used [0x00000000a0000000,0x00000000a10a7da8,0x00000000a4700000)
 Metaspace       used 34755K, capacity 35242K, committed 35496K, reserved 1081344K
  class space    used 4389K, capacity 4528K, committed 4528K, reserved 1048576K
}
Event: 15,132 GC heap before
{Heap before GC invocations=11 (full 3):
 PSYoungGen      total 64512K, used 50688K [0x00000000e0000000, 0x00000000e7680000, 0x0000000100000000)
  eden space 50688K, 100% used [0x00000000e0000000,0x00000000e3180000,0x00000000e3180000)
  from space 13824K, 0% used [0x00000000e3180000,0x00000000e3180000,0x00000000e3f00000)
  to   space 14848K, 0% used [0x00000000e6800000,0x00000000e6800000,0x00000000e7680000)
 ParOldGen       total 72704K, used 17055K [0x00000000a0000000, 0x00000000a4700000, 0x00000000e0000000)
  object space 72704K, 23% used [0x00000000a0000000,0x00000000a10a7da8,0x00000000a4700000)
 Metaspace       used 37970K, capacity 38500K, committed 39080K, reserved 1083392K
  class space    used 4759K, capacity 4925K, committed 5040K, reserved 1048576K
Event: 15,194 GC heap after
Heap after GC invocations=11 (full 3):
 PSYoungGen      total 96256K, used 14684K [0x00000000e0000000, 0x00000000e7680000, 0x0000000100000000)
  eden space 81408K, 0% used [0x00000000e0000000,0x00000000e0000000,0x00000000e4f80000)
  from space 14848K, 98% used [0x00000000e6800000,0x00000000e76573a8,0x00000000e7680000)
  to   space 17408K, 0% used [0x00000000e5480000,0x00000000e5480000,0x00000000e6580000)
 ParOldGen       total 72704K, used 17063K [0x00000000a0000000, 0x00000000a4700000, 0x00000000e0000000)
  object space 72704K, 23% used [0x00000000a0000000,0x00000000a10a9da8,0x00000000a4700000)
 Metaspace       used 37970K, capacity 38500K, committed 39080K, reserved 1083392K
  class space    used 4759K, capacity 4925K, committed 5040K, reserved 1048576K
}
Event: 23,109 GC heap before
{Heap before GC invocations=12 (full 3):
 PSYoungGen      total 96256K, used 96092K [0x00000000e0000000, 0x00000000e7680000, 0x0000000100000000)
  eden space 81408K, 100% used [0x00000000e0000000,0x00000000e4f80000,0x00000000e4f80000)
  from space 14848K, 98% used [0x00000000e6800000,0x00000000e76573a8,0x00000000e7680000)
  to   space 17408K, 0% used [0x00000000e5480000,0x00000000e5480000,0x00000000e6580000)
 ParOldGen       total 72704K, used 17063K [0x00000000a0000000, 0x00000000a4700000, 0x00000000e0000000)
  object space 72704K, 23% used [0x00000000a0000000,0x00000000a10a9da8,0x00000000a4700000)
 Metaspace       used 47677K, capacity 48395K, committed 48936K, reserved 1091584K
  class space    used 5923K, capacity 6090K, committed 6192K, reserved 1048576K

